  CreationRoad.cpp
c:\users\lucas.picollo\documents\projects\traffic\src\data\creationroad.cpp(7): error C2039: 'enqueue': is not a member of 'LinkedQueue<Car *>'
  c:\users\lucas.picollo\documents\projects\traffic\src\data\road.h(20): note: see declaration of 'LinkedQueue<Car *>'
  DestroyerRoad.cpp
c:\users\lucas.picollo\documents\projects\traffic\src\data\destroyerroad.cpp(7): error C2039: 'dequeue': is not a member of 'LinkedQueue<Car *>'
  c:\users\lucas.picollo\documents\projects\traffic\src\data\road.h(20): note: see declaration of 'LinkedQueue<Car *>'
  NeutralRoad.cpp
c:\users\lucas.picollo\documents\projects\traffic\src\structures\linkedqueue.h(74): error C2039: 'next': is not a member of 'LinkedQueue<Car *>::Node'
  c:\users\lucas.picollo\documents\projects\traffic\src\structures\linkedqueue.h(30): note: see declaration of 'LinkedQueue<Car *>::Node'
  c:\users\lucas.picollo\documents\projects\traffic\src\structures\linkedqueue.h(70): note: while compiling class template member function 'void LinkedQueue<Car *>::clear(void)'
  c:\users\lucas.picollo\documents\projects\traffic\src\structures\linkedqueue.h(66): note: see reference to function template instantiation 'void LinkedQueue<Car *>::clear(void)' being compiled
  c:\users\lucas.picollo\documents\projects\traffic\src\structures\linkedqueue.h(65): note: while compiling class template member function 'LinkedQueue<Car *>::~LinkedQueue(void)'
  c:\users\lucas.picollo\documents\projects\traffic\src\data\road.h(26): note: see reference to function template instantiation 'LinkedQueue<Car *>::~LinkedQueue(void)' being compiled
  c:\users\lucas.picollo\documents\projects\traffic\src\data\road.h(20): note: see reference to class template instantiation 'LinkedQueue<Car *>' being compiled
  Road.cpp
c:\users\lucas.picollo\documents\projects\traffic\src\structures\linkedqueue.h(74): error C2039: 'next': is not a member of 'LinkedQueue<Car *>::Node'
  c:\users\lucas.picollo\documents\projects\traffic\src\structures\linkedqueue.h(30): note: see declaration of 'LinkedQueue<Car *>::Node'
  c:\users\lucas.picollo\documents\projects\traffic\src\structures\linkedqueue.h(70): note: while compiling class template member function 'void LinkedQueue<Car *>::clear(void)'
  c:\users\lucas.picollo\documents\projects\traffic\src\structures\linkedqueue.h(66): note: see reference to function template instantiation 'void LinkedQueue<Car *>::clear(void)' being compiled
  c:\users\lucas.picollo\documents\projects\traffic\src\structures\linkedqueue.h(59): note: while compiling class template member function 'LinkedQueue<Car *>::LinkedQueue(void)'
  c:\users\lucas.picollo\documents\projects\traffic\src\data\road.cpp(8): note: see reference to function template instantiation 'LinkedQueue<Car *>::LinkedQueue(void)' being compiled
  c:\users\lucas.picollo\documents\projects\traffic\src\data\road.h(20): note: see reference to class template instantiation 'LinkedQueue<Car *>' being compiled
  Generating Code...
